L:\VMachine\vm1610DeepLearning

zbhuang@zbhuang-VirtualBox:~$ python --version
Python 2.7.12+
zbhuang@zbhuang-VirtualBox:~$ sudo apt-get update

zbhuang@zbhuang-VirtualBox:~$ sudo apt-get install python-pip python-dev python-virtualenv

zbhuang@zbhuang-VirtualBox:~$ sudo virtualenv --system-site-packages ~/tensorflow
Running virtualenv with interpreter /usr/bin/python2
New python executable in /home/zbhuang/tensorflow/bin/python2
Also creating executable in /home/zbhuang/tensorflow/bin/python
Installing setuptools, pkg_resources, pip, wheel...done.

zbhuang@zbhuang-VirtualBox:~$ source ~/tensorflow/bin/activate

(tensorflow) zbhuang@zbhuang-VirtualBox:~$ sudo easy_install -U pip

(tensorflow) zbhuang@zbhuang-VirtualBox:~$ sudo pip install --upgrade tensorflow
The directory '/home/zbhuang/.cache/pip/http' or its parent directory is not owned by the current user and the cache has been disabled. Please check the permissions and owner of that directory. If executing pip with sudo, you may want sudo's -H flag.
The directory '/home/zbhuang/.cache/pip' or its parent directory is not owned by the current user and caching wheels has been disabled. check the permissions and owner of that directory. If executing pip with sudo, you may want sudo's -H flag.
Collecting tensorflow
  Downloading tensorflow-1.3.0-cp27-cp27mu-manylinux1_x86_64.whl (43.1MB)
    100% |████████████████████████████████| 43.1MB 42kB/s 
Collecting backports.weakref>=1.0rc1 (from tensorflow)
  Downloading backports.weakref-1.0.post1-py2.py3-none-any.whl
Collecting wheel (from tensorflow)
  Downloading wheel-0.30.0-py2.py3-none-any.whl (49kB)
    100% |████████████████████████████████| 51kB 2.9MB/s 
Collecting protobuf>=3.3.0 (from tensorflow)
  Downloading protobuf-3.4.0-cp27-cp27mu-manylinux1_x86_64.whl (6.2MB)
    100% |████████████████████████████████| 6.2MB 279kB/s 
Collecting mock>=2.0.0 (from tensorflow)
  Downloading mock-2.0.0-py2.py3-none-any.whl (56kB)
    100% |████████████████████████████████| 61kB 9.0MB/s 
Collecting numpy>=1.11.0 (from tensorflow)
  Downloading numpy-1.13.3-cp27-cp27mu-manylinux1_x86_64.whl (16.6MB)
    100% |████████████████████████████████| 16.7MB 112kB/s 
Collecting tensorflow-tensorboard<0.2.0,>=0.1.0 (from tensorflow)
  Downloading tensorflow_tensorboard-0.1.8-py2-none-any.whl (1.6MB)
    100% |████████████████████████████████| 1.6MB 917kB/s 
Collecting six>=1.10.0 (from tensorflow)
  Downloading six-1.11.0-py2.py3-none-any.whl
Collecting setuptools (from protobuf>=3.3.0->tensorflow)
  Downloading setuptools-36.6.0-py2.py3-none-any.whl (481kB)
    100% |████████████████████████████████| 481kB 2.4MB/s 
Collecting funcsigs>=1; python_version < "3.3" (from mock>=2.0.0->tensorflow)
  Downloading funcsigs-1.0.2-py2.py3-none-any.whl
Collecting pbr>=0.11 (from mock>=2.0.0->tensorflow)
  Downloading pbr-3.1.1-py2.py3-none-any.whl (99kB)
    100% |████████████████████████████████| 102kB 4.9MB/s 
Collecting markdown>=2.6.8 (from tensorflow-tensorboard<0.2.0,>=0.1.0->tensorflow)
  Downloading Markdown-2.6.9.tar.gz (271kB)
    100% |████████████████████████████████| 276kB 4.2MB/s 
Collecting bleach==1.5.0 (from tensorflow-tensorboard<0.2.0,>=0.1.0->tensorflow)
  Downloading bleach-1.5.0-py2.py3-none-any.whl
Collecting html5lib==0.9999999 (from tensorflow-tensorboard<0.2.0,>=0.1.0->tensorflow)
  Downloading html5lib-0.9999999.tar.gz (889kB)
    100% |████████████████████████████████| 890kB 1.5MB/s 
Collecting werkzeug>=0.11.10 (from tensorflow-tensorboard<0.2.0,>=0.1.0->tensorflow)
  Downloading Werkzeug-0.12.2-py2.py3-none-any.whl (312kB)
    100% |████████████████████████████████| 317kB 2.7MB/s 
Installing collected packages: backports.weakref, wheel, setuptools, six, protobuf, funcsigs, pbr, mock, numpy, markdown, html5lib, bleach, werkzeug, tensorflow-tensorboard, tensorflow
  Found existing installation: wheel 0.29.0
    Uninstalling wheel-0.29.0:
      Successfully uninstalled wheel-0.29.0
  Found existing installation: setuptools 26.1.1
    Uninstalling setuptools-26.1.1:
      Successfully uninstalled setuptools-26.1.1
  Running setup.py install for markdown ... done
  Running setup.py install for html5lib ... done
Successfully installed backports.weakref-1.0.post1 bleach-1.5.0 funcsigs-1.0.2 html5lib-0.9999999 markdown-2.6.9 mock-2.0.0 numpy-1.13.3 pbr-3.1.1 protobuf-3.4.0 setuptools-36.6.0 six-1.11.0 tensorflow-1.3.0 tensorflow-tensorboard-0.1.8 werkzeug-0.12.2 wheel-0.30.0

(tensorflow) zbhuang@zbhuang-VirtualBox:~$ python
Python 2.7.12+ (default, Sep 17 2016, 12:08:02) 
[GCC 6.2.0 20160914] on linux2
Type "help", "copyright", "credits" or "license" for more information.
>>> import tensorflow as tf
>>> hello=tf.constant('Hello, TensorFlow!')
>>> sess=tf.Session()
2017-10-26 20:10:43.809911: W tensorflow/core/platform/cpu_feature_guard.cc:45] The TensorFlow library wasn't compiled to use SSE4.1 instructions, but these are available on your machine and could speed up CPU computations.
2017-10-26 20:10:43.809964: W tensorflow/core/platform/cpu_feature_guard.cc:45] The TensorFlow library wasn't compiled to use SSE4.2 instructions, but these are available on your machine and could speed up CPU computations.
2017-10-26 20:10:43.809973: W tensorflow/core/platform/cpu_feature_guard.cc:45] The TensorFlow library wasn't compiled to use AVX instructions, but these are available on your machine and could speed up CPU computations.
>>> print(sess.run(hello))
Hello, TensorFlow!
>>> exit()
(tensorflow) zbhuang@zbhuang-VirtualBox:~$ 


Reference
---------
1. Installing TensorFlow on Ubuntu
https://www.tensorflow.org/install/install_linux
2. Installing TensorFlow from Sources
https://www.tensorflow.org/install/install_sources
